<?xml version="1.0" encoding="utf-8"?><testsuites name="pytest tests"><testsuite name="pytest" errors="0" failures="0" skipped="0" tests="74" time="16.111" timestamp="2026-09-04T21:52:22.363290+00:00" hostname="agent-env-9f5002e0-27c7-41af-ab3a-8c221fb8a5a5"><testcase classname="tests.backend_test.TestChargesCRUD" name="test_create_and_get_persistence" time="0.960" /><testcase classname="tests.backend_test.TestAuth" name="test_login_success_returns_company" time="0.968" /><testcase classname="tests.backend_test.TestChargesCRUD" name="test_update_status_paid_persists" time="0.366" /><testcase classname="tests.backend_test.TestAuth" name="test_login_wrong_password" time="0.610" /><testcase classname="tests.backend_test.TestChargesCRUD" name="test_update_invalid_status" time="0.308" /><testcase classname="tests.backend_test.TestAuth" name="test_login_unknown_email" time="0.132" /><testcase classname="tests.backend_test.TestChargesCRUD" name="test_delete_then_404" time="0.326" /><testcase classname="tests.backend_test.TestAuth" name="test_login_invalid_email_format" time="0.117" /><testcase classname="tests.backend_test.TestAuth" name="test_brute_force_lockout_after_5_fails" time="0.701" /><testcase classname="tests.backend_test.TestChargesCRUD" name="test_invalid_amount_rejected" time="0.082" /><testcase classname="tests.backend_test.TestChargesCRUD" name="test_invalid_due_date_rejected" time="0.077" /><testcase classname="tests.backend_test.TestChargesCRUD" name="test_missing_required_field" time="0.058" /><testcase classname="tests.backend_test.TestChargesCRUD" name="test_charges_require_auth" time="0.101" /><testcase classname="tests.backend_test.TestChargesCRUD" name="test_dashboard_reflects_new_charge" time="0.647" /><testcase classname="tests.backend_test.TestAuth" name="test_me_requires_token" time="0.080" /><testcase classname="tests.backend_test.TestAuth" name="test_me_rejects_bad_token" time="0.139" /><testcase classname="tests.backend_test.TestAuth" name="test_me_with_valid_token" time="0.107" /><testcase classname="tests.backend_test.TestBranding" name="test_requires_auth" time="0.075" /><testcase classname="tests.backend_test.TestBranding" name="test_invalid_color_rejected" time="0.052" /><testcase classname="tests.backend_test.TestBranding" name="test_update_color_and_persist" time="0.458" /><testcase classname="tests.backend_test.TestRegistrationAndTenancy" name="test_register_creates_company_with_defaults" time="0.408" /><testcase classname="tests.backend_test.TestRegistrationAndTenancy" name="test_register_seeds_six_sample_charges" time="0.175" /><testcase classname="tests.backend_test.TestBranding" name="test_update_logo_and_iban" time="0.222" /><testcase classname="tests.backend_test.TestRegistrationAndTenancy" name="test_duplicate_email_rejected" time="0.150" /><testcase classname="tests.backend_test.TestRegistrationAndTenancy" name="test_short_password_rejected" time="0.139" /><testcase classname="tests.backend_test.TestBranding" name="test_oversized_logo_rejected" time="0.235" /><testcase classname="tests.backend_test.TestRegistrationAndTenancy" name="test_tenant_isolation_charges" time="0.190" /><testcase classname="tests.backend_test.TestBranding" name="test_address_update_and_persist" time="0.282" /><testcase classname="tests.backend_test.TestRegistrationAndTenancy" name="test_tenant_cannot_read_other_charge" time="0.198" /><testcase classname="tests.backend_test.TestBranding" name="test_country_switch_pt_br_and_invalid" time="0.329" /><testcase classname="tests.backend_test.TestRegistrationAndTenancy" name="test_tenant_cannot_delete_other_charge" time="0.249" /><testcase classname="tests.test_iteration16.TestLookupClient" name="test_lookup_existing_nif" time="0.618" /><testcase classname="tests.test_iteration16.TestSuperAdminCompanies" name="test_list_companies_shape" time="0.695" /><testcase classname="tests.test_iteration16.TestLookupClient" name="test_lookup_ignores_non_digits" time="0.082" /><testcase classname="tests.test_iteration16.TestLookupClient" name="test_lookup_unknown_nif" time="0.112" /><testcase classname="tests.test_iteration16.TestLookupClient" name="test_lookup_short_nif_not_found" time="0.089" /><testcase classname="tests.test_iteration16.TestSuperAdminCompanies" name="test_forbidden_for_cobrador" time="0.582" /><testcase classname="tests.test_iteration16.TestLookupClient" name="test_lookup_requires_admin" time="0.795" /><testcase classname="tests.test_iteration16.TestSuperAdminCompanies" name="test_forbidden_for_other_admin" time="0.504" /><testcase classname="tests.test_iteration16.TestLookupClient" name="test_lookup_requires_auth" time="0.202" /><testcase classname="tests.test_iteration16.TestSuperAdminCompanies" name="test_requires_auth" time="0.129" /><testcase classname="tests.test_iteration17.TestCepLookup" name="test_requires_auth" time="0.161" /><testcase classname="tests.test_iteration16.TestSuperAdminCompanies" name="test_cannot_block_own_company" time="0.289" /><testcase classname="tests.test_iteration17.TestCepLookup" name="test_pt_valid_cp" time="0.570" /><testcase classname="tests.test_iteration16.TestSuperAdminCompanies" name="test_unknown_company_404" time="0.085" /><testcase classname="tests.test_iteration16.TestSuperAdminCompanies" name="test_invalid_payload_422" time="0.193" /><testcase classname="tests.test_iteration17.TestForgotPassword" name="test_forgot_unknown_email_returns_200_no_enumeration" time="0.216" /><testcase classname="tests.test_iteration17.TestCepLookup" name="test_pt_invalid_length" time="0.094" /><testcase classname="tests.test_iteration17.TestCepLookup" name="test_pt_nonexistent_cp" time="0.478" /><testcase classname="tests.test_iteration17.TestForgotPassword" name="test_forgot_existing_email_same_response_and_creates_token" time="0.262" /><testcase classname="tests.test_iteration17.TestForgotPassword" name="test_forgot_invalid_email_format_422" time="0.123" /><testcase classname="tests.test_iteration17.TestForgotPassword" name="test_password_resets_token_index_unique" time="0.001" /><testcase classname="tests.backend_test.TestDashboard" name="test_dashboard_requires_auth" time="0.120" /><testcase classname="tests.test_iteration17.TestCepLookup" name="test_empty_cep" time="0.141" /><testcase classname="tests.backend_test.TestDashboard" name="test_seeded_kpis" time="0.075" /><testcase classname="tests.test_iteration17.TestQuickRegression" name="test_lookup_client_nif" time="0.076" /><testcase classname="tests.backend_test.TestDashboard" name="test_bucket_assignment_on_charges" time="0.059" /><testcase classname="tests.backend_test" name="test_password_hash_format_bcrypt" time="0.020" /><testcase classname="tests.test_iteration17.TestQuickRegression" name="test_dashboard_ok" time="0.105" /><testcase classname="tests.backend_test" name="test_cors_allows_credentials_with_explicit_origin" time="0.028" /><testcase classname="tests.backend_test" name="test_response_time_dashboard" time="0.054" /><testcase classname="tests.test_iteration16.TestSuperAdminFlag" name="test_login_returns_is_super_admin_true" time="0.352" /><testcase classname="tests.test_iteration17.TestQuickRegression" name="test_charges_list_no_mongo_id" time="0.121" /><testcase classname="tests.test_iteration17.TestQuickRegression" name="test_brute_force_lockout_after_5_fails" time="1.407" /><testcase classname="tests.test_iteration16.TestSuperAdminFlag" name="test_cobrador_is_not_super_admin" time="0.351" /><testcase classname="tests.test_iteration16.TestSuperAdminFlag" name="test_me_returns_flag" time="0.491" /><testcase classname="tests.test_iteration17.TestResetPasswordValidation" name="test_reset_invalid_token_400" time="0.141" /><testcase classname="tests.backend_test.TestImportPdf" name="test_import_creates_then_dedups" time="3.620" /><testcase classname="tests.test_iteration17.TestResetPasswordValidation" name="test_reset_short_password_422" time="0.568" /><testcase classname="tests.test_iteration17.TestResetPasswordValidation" name="test_reset_expired_token_400" time="0.158" /><testcase classname="tests.test_iteration16.TestPaidAt" name="test_paid_charges_expose_paid_at" time="0.514" /><testcase classname="tests.test_iteration17.TestResetE2E" name="test_full_reset_flow_and_restore" time="2.766" /><testcase classname="tests.backend_test.TestImportPdf" name="test_import_forbidden_for_cobrador" time="0.634" /><testcase classname="tests.test_iteration16.TestBlockEnforcement" name="test_block_then_login_and_api_denied_then_restore" time="2.194" /></testsuite></testsuites>