<?xml version="1.0" encoding="utf-8"?><testsuites name="pytest tests"><testsuite name="pytest" errors="0" failures="0" skipped="0" tests="18" time="5.251" timestamp="2026-09-04T19:57:15.780824+00:00" hostname="agent-env-9f5002e0-27c7-41af-ab3a-8c221fb8a5a5"><testcase classname="tests.test_iteration16.TestLookupClient" name="test_lookup_existing_nif" time="0.915" /><testcase classname="tests.test_iteration16.TestSuperAdminCompanies" name="test_list_companies_shape" time="0.921" /><testcase classname="tests.test_iteration16.TestLookupClient" name="test_lookup_ignores_non_digits" time="0.088" /><testcase classname="tests.test_iteration16.TestLookupClient" name="test_lookup_unknown_nif" time="0.077" /><testcase classname="tests.test_iteration16.TestLookupClient" name="test_lookup_short_nif_not_found" time="0.228" /><testcase classname="tests.test_iteration16.TestSuperAdminCompanies" name="test_forbidden_for_cobrador" time="0.759" /><testcase classname="tests.test_iteration16.TestLookupClient" name="test_lookup_requires_admin" time="0.504" /><testcase classname="tests.test_iteration16.TestSuperAdminCompanies" name="test_forbidden_for_other_admin" time="0.844" /><testcase classname="tests.test_iteration16.TestLookupClient" name="test_lookup_requires_auth" time="0.344" /><testcase classname="tests.test_iteration16.TestSuperAdminFlag" name="test_login_returns_is_super_admin_true" time="0.356" /><testcase classname="tests.test_iteration16.TestSuperAdminFlag" name="test_cobrador_is_not_super_admin" time="0.364" /><testcase classname="tests.test_iteration16.TestSuperAdminCompanies" name="test_requires_auth" time="0.350" /><testcase classname="tests.test_iteration16.TestSuperAdminCompanies" name="test_cannot_block_own_company" time="0.487" /><testcase classname="tests.test_iteration16.TestSuperAdminFlag" name="test_me_returns_flag" time="0.085" /><testcase classname="tests.test_iteration16.TestBlockEnforcement" name="test_block_then_login_and_api_denied_then_restore" time="1.844" /><testcase classname="tests.test_iteration16.TestSuperAdminCompanies" name="test_unknown_company_404" time="0.086" /><testcase classname="tests.test_iteration16.TestSuperAdminCompanies" name="test_invalid_payload_422" time="0.166" /><testcase classname="tests.test_iteration16.TestPaidAt" name="test_paid_charges_expose_paid_at" time="0.080" /></testsuite></testsuites>