<?xml version="1.0" encoding="utf-8"?><testsuites name="pytest tests"><testsuite name="pytest" errors="0" failures="0" skipped="0" tests="57" time="37.079" timestamp="2026-09-04T21:46:28.746487+00:00" hostname="agent-env-9f5002e0-27c7-41af-ab3a-8c221fb8a5a5"><testcase classname="tests.backend_test.TestAuth" name="test_login_success_returns_company" time="5.967" /><testcase classname="tests.backend_test.TestAuth" name="test_login_wrong_password" time="0.619" /><testcase classname="tests.backend_test.TestAuth" name="test_login_unknown_email" time="0.067" /><testcase classname="tests.backend_test.TestAuth" name="test_login_invalid_email_format" time="0.081" /><testcase classname="tests.backend_test.TestAuth" name="test_brute_force_lockout_after_5_fails" time="0.445" /><testcase classname="tests.backend_test.TestAuth" name="test_me_requires_token" time="0.078" /><testcase classname="tests.backend_test.TestAuth" name="test_me_rejects_bad_token" time="11.352" /><testcase classname="tests.backend_test.TestAuth" name="test_me_with_valid_token" time="0.212" /><testcase classname="tests.backend_test.TestRegistrationAndTenancy" name="test_register_creates_company_with_defaults" time="0.493" /><testcase classname="tests.backend_test.TestRegistrationAndTenancy" name="test_register_seeds_six_sample_charges" time="4.250" /><testcase classname="tests.backend_test.TestChargesCRUD" name="test_create_and_get_persistence" time="20.156" /><testcase classname="tests.backend_test.TestChargesCRUD" name="test_update_status_paid_persists" time="0.213" /><testcase classname="tests.backend_test.TestChargesCRUD" name="test_update_invalid_status" time="0.160" /><testcase classname="tests.backend_test.TestChargesCRUD" name="test_delete_then_404" time="0.223" /><testcase classname="tests.backend_test.TestChargesCRUD" name="test_invalid_amount_rejected" time="0.067" /><testcase classname="tests.backend_test.TestChargesCRUD" name="test_invalid_due_date_rejected" time="0.064" /><testcase classname="tests.backend_test.TestChargesCRUD" name="test_missing_required_field" time="0.069" /><testcase classname="tests.backend_test.TestChargesCRUD" name="test_charges_require_auth" time="0.080" /><testcase classname="tests.backend_test.TestChargesCRUD" name="test_dashboard_reflects_new_charge" time="0.518" /><testcase classname="tests.backend_test.TestBranding" name="test_requires_auth" time="0.065" /><testcase classname="tests.backend_test.TestBranding" name="test_invalid_color_rejected" time="0.064" /><testcase classname="tests.backend_test.TestBranding" name="test_update_color_and_persist" time="0.327" /><testcase classname="tests.backend_test.TestBranding" name="test_update_logo_and_iban" time="0.266" /><testcase classname="tests.backend_test.TestBranding" name="test_oversized_logo_rejected" time="0.300" /><testcase classname="tests.backend_test.TestBranding" name="test_address_update_and_persist" time="0.327" /><testcase classname="tests.backend_test.TestBranding" name="test_country_switch_pt_br_and_invalid" time="0.501" /><testcase classname="tests.backend_test.TestRegistrationAndTenancy" name="test_duplicate_email_rejected" time="0.280" /><testcase classname="tests.test_iteration16.TestSuperAdminCompanies" name="test_list_companies_shape" time="0.666" /><testcase classname="tests.backend_test.TestRegistrationAndTenancy" name="test_short_password_rejected" time="0.195" /><testcase classname="tests.backend_test.TestRegistrationAndTenancy" name="test_tenant_isolation_charges" time="0.131" /><testcase classname="tests.backend_test.TestRegistrationAndTenancy" name="test_tenant_cannot_read_other_charge" time="0.348" /><testcase classname="tests.test_iteration16.TestSuperAdminCompanies" name="test_forbidden_for_cobrador" time="0.493" /><testcase classname="tests.backend_test.TestRegistrationAndTenancy" name="test_tenant_cannot_delete_other_charge" time="0.127" /><testcase classname="tests.test_iteration16.TestSuperAdminCompanies" name="test_forbidden_for_other_admin" time="0.598" /><testcase classname="tests.test_iteration16.TestLookupClient" name="test_lookup_existing_nif" time="0.671" /><testcase classname="tests.test_iteration16.TestSuperAdminCompanies" name="test_requires_auth" time="0.207" /><testcase classname="tests.test_iteration16.TestLookupClient" name="test_lookup_ignores_non_digits" time="0.103" /><testcase classname="tests.test_iteration16.TestSuperAdminCompanies" name="test_cannot_block_own_company" time="0.235" /><testcase classname="tests.test_iteration16.TestLookupClient" name="test_lookup_unknown_nif" time="0.122" /><testcase classname="tests.test_iteration16.TestLookupClient" name="test_lookup_short_nif_not_found" time="0.101" /><testcase classname="tests.test_iteration16.TestSuperAdminCompanies" name="test_unknown_company_404" time="0.115" /><testcase classname="tests.test_iteration16.TestSuperAdminCompanies" name="test_invalid_payload_422" time="0.361" /><testcase classname="tests.test_iteration16.TestLookupClient" name="test_lookup_requires_admin" time="0.510" /><testcase classname="tests.backend_test.TestDashboard" name="test_dashboard_requires_auth" time="0.071" /><testcase classname="tests.backend_test.TestDashboard" name="test_seeded_kpis" time="0.066" /><testcase classname="tests.test_iteration16.TestLookupClient" name="test_lookup_requires_auth" time="0.134" /><testcase classname="tests.backend_test.TestDashboard" name="test_bucket_assignment_on_charges" time="0.072" /><testcase classname="tests.backend_test" name="test_password_hash_format_bcrypt" time="0.127" /><testcase classname="tests.test_iteration16.TestSuperAdminFlag" name="test_login_returns_is_super_admin_true" time="0.344" /><testcase classname="tests.backend_test" name="test_cors_allows_credentials_with_explicit_origin" time="0.033" /><testcase classname="tests.backend_test" name="test_response_time_dashboard" time="0.185" /><testcase classname="tests.test_iteration16.TestSuperAdminFlag" name="test_cobrador_is_not_super_admin" time="0.591" /><testcase classname="tests.backend_test.TestImportPdf" name="test_import_creates_then_dedups" time="3.495" /><testcase classname="tests.backend_test.TestImportPdf" name="test_import_forbidden_for_cobrador" time="0.530" /><testcase classname="tests.test_iteration16.TestPaidAt" name="test_paid_charges_expose_paid_at" time="0.470" /><testcase classname="tests.test_iteration16.TestSuperAdminFlag" name="test_me_returns_flag" time="7.699" /><testcase classname="tests.test_iteration16.TestBlockEnforcement" name="test_block_then_login_and_api_denied_then_restore" time="1.758" /></testsuite></testsuites>