<?xml version="1.0" encoding="utf-8"?><testsuites name="pytest tests"><testsuite name="pytest" errors="0" failures="0" skipped="0" tests="17" time="5.289" timestamp="2026-09-04T21:47:44.641682+00:00" hostname="agent-env-9f5002e0-27c7-41af-ab3a-8c221fb8a5a5"><testcase classname="tests.test_iteration17.TestForgotPassword" name="test_forgot_unknown_email_returns_200_no_enumeration" time="0.285" /><testcase classname="tests.test_iteration17.TestCepLookup" name="test_requires_auth" time="0.195" /><testcase classname="tests.test_iteration17.TestForgotPassword" name="test_forgot_existing_email_same_response_and_creates_token" time="0.389" /><testcase classname="tests.test_iteration17.TestCepLookup" name="test_pt_valid_cp" time="1.116" /><testcase classname="tests.test_iteration17.TestForgotPassword" name="test_forgot_invalid_email_format_422" time="0.144" /><testcase classname="tests.test_iteration17.TestForgotPassword" name="test_password_resets_token_index_unique" time="0.001" /><testcase classname="tests.test_iteration17.TestQuickRegression" name="test_lookup_client_nif" time="0.527" /><testcase classname="tests.test_iteration17.TestCepLookup" name="test_pt_invalid_length" time="0.078" /><testcase classname="tests.test_iteration17.TestQuickRegression" name="test_dashboard_ok" time="0.079" /><testcase classname="tests.test_iteration17.TestCepLookup" name="test_pt_nonexistent_cp" time="0.513" /><testcase classname="tests.test_iteration17.TestQuickRegression" name="test_charges_list_no_mongo_id" time="0.081" /><testcase classname="tests.test_iteration17.TestQuickRegression" name="test_brute_force_lockout_after_5_fails" time="0.819" /><testcase classname="tests.test_iteration17.TestCepLookup" name="test_empty_cep" time="0.076" /><testcase classname="tests.test_iteration17.TestResetPasswordValidation" name="test_reset_invalid_token_400" time="0.113" /><testcase classname="tests.test_iteration17.TestResetPasswordValidation" name="test_reset_short_password_422" time="0.164" /><testcase classname="tests.test_iteration17.TestResetPasswordValidation" name="test_reset_expired_token_400" time="0.145" /><testcase classname="tests.test_iteration17.TestResetE2E" name="test_full_reset_flow_and_restore" time="2.443" /></testsuite></testsuites>