<?xml version="1.0" encoding="utf-8"?><testsuites name="pytest tests"><testsuite name="pytest" errors="0" failures="0" skipped="0" tests="39" time="7.578" timestamp="2026-09-01T18:59:27.671602+00:00" hostname="agent-env-9f5002e0-27c7-41af-ab3a-8c221fb8a5a5"><testcase classname="tests.backend_test.TestAuth" name="test_login_success_returns_company" time="1.143" /><testcase classname="tests.backend_test.TestChargesCRUD" name="test_create_and_get_persistence" time="1.221" /><testcase classname="tests.backend_test.TestAuth" name="test_login_wrong_password" time="0.669" /><testcase classname="tests.backend_test.TestChargesCRUD" name="test_update_status_paid_persists" time="0.548" /><testcase classname="tests.backend_test.TestChargesCRUD" name="test_update_invalid_status" time="0.154" /><testcase classname="tests.backend_test.TestAuth" name="test_login_unknown_email" time="0.119" /><testcase classname="tests.backend_test.TestChargesCRUD" name="test_delete_then_404" time="0.281" /><testcase classname="tests.backend_test.TestAuth" name="test_login_invalid_email_format" time="0.096" /><testcase classname="tests.backend_test.TestAuth" name="test_brute_force_lockout_after_5_fails" time="0.622" /><testcase classname="tests.backend_test.TestChargesCRUD" name="test_invalid_amount_rejected" time="0.087" /><testcase classname="tests.backend_test.TestChargesCRUD" name="test_invalid_due_date_rejected" time="0.086" /><testcase classname="tests.backend_test.TestChargesCRUD" name="test_missing_required_field" time="0.096" /><testcase classname="tests.backend_test.TestChargesCRUD" name="test_charges_require_auth" time="0.085" /><testcase classname="tests.backend_test.TestChargesCRUD" name="test_dashboard_reflects_new_charge" time="0.740" /><testcase classname="tests.backend_test.TestAuth" name="test_me_requires_token" time="0.148" /><testcase classname="tests.backend_test.TestAuth" name="test_me_rejects_bad_token" time="0.180" /><testcase classname="tests.backend_test.TestAuth" name="test_me_with_valid_token" time="0.160" /><testcase classname="tests.backend_test.TestBranding" name="test_requires_auth" time="0.083" /><testcase classname="tests.backend_test.TestBranding" name="test_invalid_color_rejected" time="0.149" /><testcase classname="tests.backend_test.TestBranding" name="test_update_color_and_persist" time="0.681" /><testcase classname="tests.backend_test.TestRegistrationAndTenancy" name="test_register_creates_company_with_defaults" time="0.400" /><testcase classname="tests.backend_test.TestRegistrationAndTenancy" name="test_register_seeds_six_sample_charges" time="0.270" /><testcase classname="tests.backend_test.TestRegistrationAndTenancy" name="test_duplicate_email_rejected" time="0.220" /><testcase classname="tests.backend_test.TestBranding" name="test_update_logo_and_iban" time="0.393" /><testcase classname="tests.backend_test.TestRegistrationAndTenancy" name="test_short_password_rejected" time="0.179" /><testcase classname="tests.backend_test.TestRegistrationAndTenancy" name="test_tenant_isolation_charges" time="0.207" /><testcase classname="tests.backend_test.TestBranding" name="test_oversized_logo_rejected" time="0.457" /><testcase classname="tests.backend_test.TestRegistrationAndTenancy" name="test_tenant_cannot_read_other_charge" time="0.209" /><testcase classname="tests.backend_test.TestRegistrationAndTenancy" name="test_tenant_cannot_delete_other_charge" time="0.207" /><testcase classname="tests.backend_test.TestBranding" name="test_address_update_and_persist" time="0.833" /><testcase classname="tests.backend_test.TestDashboard" name="test_dashboard_requires_auth" time="0.087" /><testcase classname="tests.backend_test.TestDashboard" name="test_seeded_kpis" time="0.124" /><testcase classname="tests.backend_test.TestDashboard" name="test_bucket_assignment_on_charges" time="0.088" /><testcase classname="tests.backend_test.TestImportPdf" name="test_import_creates_then_dedups" time="1.005" /><testcase classname="tests.backend_test.TestBranding" name="test_country_switch_pt_br_and_invalid" time="0.642" /><testcase classname="tests.backend_test.TestImportPdf" name="test_import_forbidden_for_cobrador" time="0.544" /><testcase classname="tests.backend_test" name="test_password_hash_format_bcrypt" time="0.112" /><testcase classname="tests.backend_test" name="test_cors_allows_credentials_with_explicit_origin" time="0.025" /><testcase classname="tests.backend_test" name="test_response_time_dashboard" time="0.183" /></testsuite></testsuites>