<?xml version="1.0" encoding="utf-8"?><testsuites name="pytest tests"><testsuite name="pytest" errors="0" failures="1" skipped="0" tests="35" time="7.801" timestamp="2026-09-01T16:03:29.316355+00:00" hostname="agent-env-9f5002e0-27c7-41af-ab3a-8c221fb8a5a5"><testcase classname="tests.backend_test.TestAuth" name="test_login_success_returns_company" time="0.833" /><testcase classname="tests.backend_test.TestAuth" name="test_login_wrong_password" time="0.625" /><testcase classname="tests.backend_test.TestAuth" name="test_login_unknown_email" time="0.081" /><testcase classname="tests.backend_test.TestAuth" name="test_login_invalid_email_format" time="0.081" /><testcase classname="tests.backend_test.TestAuth" name="test_brute_force_lockout_after_5_fails" time="0.474"><failure message="AssertionError: expected lockout on 6th attempt, got [401, 401, 401, 401, 401, 401]&#10;assert 401 == 429">tests/backend_test.py:50: in test_brute_force_lockout_after_5_fails
    assert statuses[5] == 429, f"expected lockout on 6th attempt, got {statuses}"
E   AssertionError: expected lockout on 6th attempt, got [401, 401, 401, 401, 401, 401]
E   assert 401 == 429</failure></testcase><testcase classname="tests.backend_test.TestAuth" name="test_me_requires_token" time="0.083" /><testcase classname="tests.backend_test.TestAuth" name="test_me_rejects_bad_token" time="0.131" /><testcase classname="tests.backend_test.TestAuth" name="test_me_with_valid_token" time="0.246" /><testcase classname="tests.backend_test.TestRegistrationAndTenancy" name="test_register_creates_company_with_defaults" time="0.380" /><testcase classname="tests.backend_test.TestRegistrationAndTenancy" name="test_register_seeds_six_sample_charges" time="0.166" /><testcase classname="tests.backend_test.TestRegistrationAndTenancy" name="test_duplicate_email_rejected" time="0.154" /><testcase classname="tests.backend_test.TestRegistrationAndTenancy" name="test_short_password_rejected" time="0.201" /><testcase classname="tests.backend_test.TestRegistrationAndTenancy" name="test_tenant_isolation_charges" time="0.161" /><testcase classname="tests.backend_test.TestRegistrationAndTenancy" name="test_tenant_cannot_read_other_charge" time="0.161" /><testcase classname="tests.backend_test.TestRegistrationAndTenancy" name="test_tenant_cannot_delete_other_charge" time="0.165" /><testcase classname="tests.backend_test.TestDashboard" name="test_dashboard_requires_auth" time="0.080" /><testcase classname="tests.backend_test.TestDashboard" name="test_seeded_kpis" time="0.092" /><testcase classname="tests.backend_test.TestDashboard" name="test_bucket_assignment_on_charges" time="0.081" /><testcase classname="tests.backend_test.TestChargesCRUD" name="test_create_and_get_persistence" time="0.168" /><testcase classname="tests.backend_test.TestChargesCRUD" name="test_update_status_paid_persists" time="0.243" /><testcase classname="tests.backend_test.TestChargesCRUD" name="test_update_invalid_status" time="0.167" /><testcase classname="tests.backend_test.TestChargesCRUD" name="test_delete_then_404" time="0.280" /><testcase classname="tests.backend_test.TestChargesCRUD" name="test_invalid_amount_rejected" time="0.079" /><testcase classname="tests.backend_test.TestChargesCRUD" name="test_invalid_due_date_rejected" time="0.087" /><testcase classname="tests.backend_test.TestChargesCRUD" name="test_missing_required_field" time="0.091" /><testcase classname="tests.backend_test.TestChargesCRUD" name="test_charges_require_auth" time="0.083" /><testcase classname="tests.backend_test.TestChargesCRUD" name="test_dashboard_reflects_new_charge" time="0.599" /><testcase classname="tests.backend_test.TestBranding" name="test_requires_auth" time="0.077" /><testcase classname="tests.backend_test.TestBranding" name="test_invalid_color_rejected" time="0.080" /><testcase classname="tests.backend_test.TestBranding" name="test_update_color_and_persist" time="0.627" /><testcase classname="tests.backend_test.TestBranding" name="test_update_logo_and_iban" time="0.324" /><testcase classname="tests.backend_test.TestBranding" name="test_oversized_logo_rejected" time="0.422" /><testcase classname="tests.backend_test" name="test_password_hash_format_bcrypt" time="0.081" /><testcase classname="tests.backend_test" name="test_cors_allows_credentials_with_explicit_origin" time="0.020" /><testcase classname="tests.backend_test" name="test_response_time_dashboard" time="0.089" /></testsuite></testsuites>