<?xml version="1.0" encoding="utf-8"?><testsuites name="pytest tests"><testsuite name="pytest" errors="0" failures="0" skipped="0" tests="39" time="8.303" timestamp="2026-09-04T19:57:33.284225+00:00" hostname="agent-env-9f5002e0-27c7-41af-ab3a-8c221fb8a5a5"><testcase classname="tests.backend_test.TestChargesCRUD" name="test_create_and_get_persistence" time="0.915" /><testcase classname="tests.backend_test.TestAuth" name="test_login_success_returns_company" time="0.913" /><testcase classname="tests.backend_test.TestAuth" name="test_login_wrong_password" time="0.589" /><testcase classname="tests.backend_test.TestChargesCRUD" name="test_update_status_paid_persists" time="0.741" /><testcase classname="tests.backend_test.TestAuth" name="test_login_unknown_email" time="0.089" /><testcase classname="tests.backend_test.TestAuth" name="test_login_invalid_email_format" time="0.113" /><testcase classname="tests.backend_test.TestChargesCRUD" name="test_update_invalid_status" time="0.247" /><testcase classname="tests.backend_test.TestAuth" name="test_brute_force_lockout_after_5_fails" time="0.472" /><testcase classname="tests.backend_test.TestChargesCRUD" name="test_delete_then_404" time="0.344" /><testcase classname="tests.backend_test.TestAuth" name="test_me_requires_token" time="0.071" /><testcase classname="tests.backend_test.TestChargesCRUD" name="test_invalid_amount_rejected" time="0.082" /><testcase classname="tests.backend_test.TestAuth" name="test_me_rejects_bad_token" time="0.164" /><testcase classname="tests.backend_test.TestChargesCRUD" name="test_invalid_due_date_rejected" time="0.087" /><testcase classname="tests.backend_test.TestAuth" name="test_me_with_valid_token" time="0.128" /><testcase classname="tests.backend_test.TestChargesCRUD" name="test_missing_required_field" time="0.084" /><testcase classname="tests.backend_test.TestChargesCRUD" name="test_charges_require_auth" time="0.071" /><testcase classname="tests.backend_test.TestChargesCRUD" name="test_dashboard_reflects_new_charge" time="0.790" /><testcase classname="tests.backend_test.TestRegistrationAndTenancy" name="test_register_creates_company_with_defaults" time="0.387" /><testcase classname="tests.backend_test.TestRegistrationAndTenancy" name="test_register_seeds_six_sample_charges" time="0.126" /><testcase classname="tests.backend_test.TestRegistrationAndTenancy" name="test_duplicate_email_rejected" time="0.208" /><testcase classname="tests.backend_test.TestRegistrationAndTenancy" name="test_short_password_rejected" time="0.152" /><testcase classname="tests.backend_test.TestBranding" name="test_requires_auth" time="0.067" /><testcase classname="tests.backend_test.TestRegistrationAndTenancy" name="test_tenant_isolation_charges" time="0.150" /><testcase classname="tests.backend_test.TestBranding" name="test_invalid_color_rejected" time="0.090" /><testcase classname="tests.backend_test.TestBranding" name="test_update_color_and_persist" time="0.525" /><testcase classname="tests.backend_test.TestRegistrationAndTenancy" name="test_tenant_cannot_read_other_charge" time="0.196" /><testcase classname="tests.backend_test.TestRegistrationAndTenancy" name="test_tenant_cannot_delete_other_charge" time="0.178" /><testcase classname="tests.backend_test.TestDashboard" name="test_dashboard_requires_auth" time="0.073" /><testcase classname="tests.backend_test.TestDashboard" name="test_seeded_kpis" time="0.071" /><testcase classname="tests.backend_test.TestBranding" name="test_update_logo_and_iban" time="0.344" /><testcase classname="tests.backend_test.TestDashboard" name="test_bucket_assignment_on_charges" time="0.074" /><testcase classname="tests.backend_test" name="test_password_hash_format_bcrypt" time="0.075" /><testcase classname="tests.backend_test" name="test_cors_allows_credentials_with_explicit_origin" time="0.025" /><testcase classname="tests.backend_test" name="test_response_time_dashboard" time="0.071" /><testcase classname="tests.backend_test.TestBranding" name="test_oversized_logo_rejected" time="0.418" /><testcase classname="tests.backend_test.TestImportPdf" name="test_import_creates_then_dedups" time="3.032" /><testcase classname="tests.backend_test.TestBranding" name="test_address_update_and_persist" time="0.799" /><testcase classname="tests.backend_test.TestBranding" name="test_country_switch_pt_br_and_invalid" time="0.520" /><testcase classname="tests.backend_test.TestImportPdf" name="test_import_forbidden_for_cobrador" time="0.503" /></testsuite></testsuites>